<?xml version="1.0" encoding="UTF-8"?>
<testng-results skipped="0" failed="1" ignored="0" total="3" passed="2">
  <reporter-output>
  </reporter-output>
  <suite name="Sanity Suit" duration-ms="44482" started-at="2017-11-22T17:12:59Z" finished-at="2017-11-22T17:13:44Z">
    <groups>
    </groups>
    <test name="Login Test" duration-ms="21502" started-at="2017-11-22T17:12:59Z" finished-at="2017-11-22T17:13:21Z">
      <class name="com.Pages.AnyAut_orange.homepage.TC003_VerifyLoginWithInvalidData">
        <test-method status="PASS" signature="setUp()[pri:0, instance:com.Pages.AnyAut_orange.homepage.TC003_VerifyLoginWithInvalidData@2344fc66]" name="setUp" is-config="true" duration-ms="12605" started-at="2017-11-22T12:12:59Z" finished-at="2017-11-22T12:13:12Z">
          <reporter-output>
          </reporter-output>
        </test-method> <!-- setUp -->
        <test-method status="PASS" signature="verifyLoginWithInvalidData()[pri:0, instance:com.Pages.AnyAut_orange.homepage.TC003_VerifyLoginWithInvalidData@2344fc66]" name="verifyLoginWithInvalidData" duration-ms="8587" started-at="2017-11-22T12:13:12Z" finished-at="2017-11-22T12:13:20Z">
          <reporter-output>
          </reporter-output>
        </test-method> <!-- verifyLoginWithInvalidData -->
        <test-method status="PASS" signature="endTest()[pri:0, instance:com.Pages.AnyAut_orange.homepage.TC003_VerifyLoginWithInvalidData@2344fc66]" name="endTest" is-config="true" duration-ms="310" started-at="2017-11-22T12:13:20Z" finished-at="2017-11-22T12:13:21Z">
          <reporter-output>
          </reporter-output>
        </test-method> <!-- endTest -->
      </class> <!-- com.Pages.AnyAut_orange.homepage.TC003_VerifyLoginWithInvalidData -->
    </test> <!-- Login Test -->
    <test name="Registration" duration-ms="22944" started-at="2017-11-22T17:13:21Z" finished-at="2017-11-22T17:13:44Z">
      <class name="com.Pages.AnyAut_orange.homepage.TC001_VerifyCreateUserAccount">
        <test-method status="PASS" signature="setUp()[pri:0, instance:com.Pages.AnyAut_orange.homepage.TC001_VerifyCreateUserAccount@6a2bcfcb]" name="setUp" is-config="true" duration-ms="12966" started-at="2017-11-22T12:13:21Z" finished-at="2017-11-22T12:13:34Z">
          <reporter-output>
          </reporter-output>
        </test-method> <!-- setUp -->
        <test-method status="FAIL" signature="testCreateAccount()[pri:0, instance:com.Pages.AnyAut_orange.homepage.TC001_VerifyCreateUserAccount@6a2bcfcb]" name="testCreateAccount" duration-ms="9470" started-at="2017-11-22T12:13:34Z" finished-at="2017-11-22T12:13:43Z">
          <exception class="org.openqa.selenium.InvalidElementStateException">
            <message>
              <![CDATA[Element is not currently interactable and may not be manipulated
Build info: version: '3.5.1', revision: '9c21bb67ef', time: '2017-08-17T15:26:08.955Z'
System info: host: 'SHAWON-PC', ip: '192.168.202.1', os.name: 'Windows 7', os.arch: 'amd64', os.version: '6.1', java.version: '1.8.0_71'
Driver info: org.openqa.selenium.firefox.FirefoxDriver
Capabilities [{moz:profile=C:\Users\Shawon\AppData\Local\Temp\rust_mozprofile.x6ly5XUBrKPV, rotatable=false, timeouts={implicit=0.0, pageLoad=300000.0, script=30000.0}, pageLoadStrategy=normal, moz:headless=false, platform=ANY, specificationLevel=0.0, moz:accessibilityChecks=false, acceptInsecureCerts=false, browserVersion=56.0, platformVersion=6.1, moz:processID=5512.0, browserName=firefox, javascriptEnabled=true, platformName=windows_nt}]
Session ID: 05c143eb-384b-4a7f-9ffb-26e3e93fa284]]>
            </message>
            <full-stacktrace>
              <![CDATA[org.openqa.selenium.InvalidElementStateException: Element is not currently interactable and may not be manipulated
Build info: version: '3.5.1', revision: '9c21bb67ef', time: '2017-08-17T15:26:08.955Z'
System info: host: 'SHAWON-PC', ip: '192.168.202.1', os.name: 'Windows 7', os.arch: 'amd64', os.version: '6.1', java.version: '1.8.0_71'
Driver info: org.openqa.selenium.firefox.FirefoxDriver
Capabilities [{moz:profile=C:\Users\Shawon\AppData\Local\Temp\rust_mozprofile.x6ly5XUBrKPV, rotatable=false, timeouts={implicit=0.0, pageLoad=300000.0, script=30000.0}, pageLoadStrategy=normal, moz:headless=false, platform=ANY, specificationLevel=0.0, moz:accessibilityChecks=false, acceptInsecureCerts=false, browserVersion=56.0, platformVersion=6.1, moz:processID=5512.0, browserName=firefox, javascriptEnabled=true, platformName=windows_nt}]
Session ID: 05c143eb-384b-4a7f-9ffb-26e3e93fa284
	at sun.reflect.NativeConstructorAccessorImpl.newInstance0(Native Method)
	at sun.reflect.NativeConstructorAccessorImpl.newInstance(NativeConstructorAccessorImpl.java:62)
	at sun.reflect.DelegatingConstructorAccessorImpl.newInstance(DelegatingConstructorAccessorImpl.java:45)
	at java.lang.reflect.Constructor.newInstance(Constructor.java:422)
	at org.openqa.selenium.remote.http.W3CHttpResponseCodec.createException(W3CHttpResponseCodec.java:185)
	at org.openqa.selenium.remote.http.W3CHttpResponseCodec.decode(W3CHttpResponseCodec.java:120)
	at org.openqa.selenium.remote.http.W3CHttpResponseCodec.decode(W3CHttpResponseCodec.java:49)
	at org.openqa.selenium.remote.HttpCommandExecutor.execute(HttpCommandExecutor.java:164)
	at org.openqa.selenium.remote.service.DriverCommandExecutor.execute(DriverCommandExecutor.java:82)
	at org.openqa.selenium.remote.RemoteWebDriver.execute(RemoteWebDriver.java:641)
	at org.openqa.selenium.remote.RemoteWebElement.execute(RemoteWebElement.java:275)
	at org.openqa.selenium.remote.RemoteWebElement.clear(RemoteWebElement.java:117)
	at sun.reflect.NativeMethodAccessorImpl.invoke0(Native Method)
	at sun.reflect.NativeMethodAccessorImpl.invoke(NativeMethodAccessorImpl.java:62)
	at sun.reflect.DelegatingMethodAccessorImpl.invoke(DelegatingMethodAccessorImpl.java:43)
	at java.lang.reflect.Method.invoke(Method.java:497)
	at org.openqa.selenium.support.pagefactory.internal.LocatingElementHandler.invoke(LocatingElementHandler.java:51)
	at com.sun.proxy.$Proxy9.clear(Unknown Source)
	at com.Pages.AnyAut_orange.uiActions.HomePage.createUserAccount(HomePage.java:104)
	at com.Pages.AnyAut_orange.homepage.TC001_VerifyCreateUserAccount.testCreateAccount(TC001_VerifyCreateUserAccount.java:31)
	at sun.reflect.NativeMethodAccessorImpl.invoke0(Native Method)
	at sun.reflect.NativeMethodAccessorImpl.invoke(NativeMethodAccessorImpl.java:62)
	at sun.reflect.DelegatingMethodAccessorImpl.invoke(DelegatingMethodAccessorImpl.java:43)
	at java.lang.reflect.Method.invoke(Method.java:497)
	at org.testng.internal.MethodInvocationHelper.invokeMethod(MethodInvocationHelper.java:104)
	at org.testng.internal.Invoker.invokeMethod(Invoker.java:645)
	at org.testng.internal.Invoker.invokeTestMethod(Invoker.java:851)
	at org.testng.internal.Invoker.invokeTestMethods(Invoker.java:1177)
	at org.testng.internal.TestMethodWorker.invokeTestMethods(TestMethodWorker.java:129)
	at org.testng.internal.TestMethodWorker.run(TestMethodWorker.java:112)
	at org.testng.TestRunner.privateRun(TestRunner.java:756)
	at org.testng.TestRunner.run(TestRunner.java:610)
	at org.testng.SuiteRunner.runTest(SuiteRunner.java:387)
	at org.testng.SuiteRunner.runSequentially(SuiteRunner.java:382)
	at org.testng.SuiteRunner.privateRun(SuiteRunner.java:340)
	at org.testng.SuiteRunner.run(SuiteRunner.java:289)
	at org.testng.SuiteRunnerWorker.runSuite(SuiteRunnerWorker.java:52)
	at org.testng.SuiteRunnerWorker.run(SuiteRunnerWorker.java:86)
	at org.testng.TestNG.runSuitesSequentially(TestNG.java:1293)
	at org.testng.TestNG.runSuitesLocally(TestNG.java:1218)
	at org.testng.TestNG.runSuites(TestNG.java:1133)
	at org.testng.TestNG.run(TestNG.java:1104)
	at org.apache.maven.surefire.testng.TestNGExecutor.run(TestNGExecutor.java:282)
	at org.apache.maven.surefire.testng.TestNGXmlTestSuite.execute(TestNGXmlTestSuite.java:83)
	at org.apache.maven.surefire.testng.TestNGProvider.invoke(TestNGProvider.java:114)
	at org.apache.maven.surefire.booter.ForkedBooter.invokeProviderInSameClassLoader(ForkedBooter.java:286)
	at org.apache.maven.surefire.booter.ForkedBooter.runSuitesInProcess(ForkedBooter.java:240)
	at org.apache.maven.surefire.booter.ForkedBooter.main(ForkedBooter.java:121)
]]>
            </full-stacktrace>
          </exception> <!-- org.openqa.selenium.InvalidElementStateException -->
          <reporter-output>
          </reporter-output>
        </test-method> <!-- testCreateAccount -->
        <test-method status="PASS" signature="endTest()[pri:0, instance:com.Pages.AnyAut_orange.homepage.TC001_VerifyCreateUserAccount@6a2bcfcb]" name="endTest" is-config="true" duration-ms="498" started-at="2017-11-22T12:13:43Z" finished-at="2017-11-22T12:13:44Z">
          <reporter-output>
          </reporter-output>
        </test-method> <!-- endTest -->
      </class> <!-- com.Pages.AnyAut_orange.homepage.TC001_VerifyCreateUserAccount -->
    </test> <!-- Registration -->
  </suite> <!-- Sanity Suit -->
  <suite name="Regression Suite" duration-ms="44762" started-at="2017-11-22T17:12:14Z" finished-at="2017-11-22T17:12:59Z">
    <groups>
    </groups>
    <test name="TC002_VerifyLoginWithValidData" duration-ms="44762" started-at="2017-11-22T17:12:14Z" finished-at="2017-11-22T17:12:59Z">
      <class name="com.Pages.AnyAut_orange.homepage.TC002_VerifyLoginWithValidData">
        <test-method status="PASS" signature="setUp()[pri:0, instance:com.Pages.AnyAut_orange.homepage.TC002_VerifyLoginWithValidData@50f8360d]" name="setUp" is-config="true" duration-ms="15447" started-at="2017-11-22T12:12:14Z" finished-at="2017-11-22T12:12:30Z">
          <reporter-output>
          </reporter-output>
        </test-method> <!-- setUp -->
        <test-method status="PASS" signature="testValidLogin()[pri:0, instance:com.Pages.AnyAut_orange.homepage.TC002_VerifyLoginWithValidData@50f8360d]" name="testValidLogin" duration-ms="28692" started-at="2017-11-22T12:12:30Z" finished-at="2017-11-22T12:12:59Z">
          <reporter-output>
          </reporter-output>
        </test-method> <!-- testValidLogin -->
        <test-method status="PASS" signature="endTest()[pri:0, instance:com.Pages.AnyAut_orange.homepage.TC002_VerifyLoginWithValidData@50f8360d]" name="endTest" is-config="true" duration-ms="602" started-at="2017-11-22T12:12:59Z" finished-at="2017-11-22T12:12:59Z">
          <reporter-output>
          </reporter-output>
        </test-method> <!-- endTest -->
      </class> <!-- com.Pages.AnyAut_orange.homepage.TC002_VerifyLoginWithValidData -->
    </test> <!-- TC002_VerifyLoginWithValidData -->
  </suite> <!-- Regression Suite -->
</testng-results>
