<?xml version="1.0" encoding="UTF-8"?>
<!-- Generated by org.testng.reporters.JUnitXMLReporter -->
<testsuite hostname="Shawon-PC" ignored="0" name="Default test" tests="5" failures="0" timestamp="06 Nov 2017 04:31:04 GMT" time="73.845" errors="0">
  <testcase name="testValidLogin" time="8.52" classname="com.Pages.AnyAut_orange.homepage.VerifyLoginWithDifferentData"/>
  <testcase name="testValidLogin" time="10.436" classname="com.Pages.AnyAut_orange.homepage.VerifyLoginWithDifferentData"/>
  <testcase name="testValidLogin" time="9.021" classname="com.Pages.AnyAut_orange.homepage.VerifyLoginWithDifferentData"/>
  <testcase name="testValidLogin" time="8.3" classname="com.Pages.AnyAut_orange.homepage.VerifyLoginWithDifferentData"/>
  <testcase name="testValidLogin" time="22.737" classname="com.Pages.AnyAut_orange.homepage.VerifyLoginWithDifferentData"/>
</testsuite> <!-- Default test -->
