<?xml version="1.0" encoding="UTF-8"?>
<testng-results skipped="0" failed="0" ignored="0" total="5" passed="5">
  <reporter-output>
  </reporter-output>
  <suite name="Default suite" duration-ms="73845" started-at="2017-11-06T04:29:50Z" finished-at="2017-11-06T04:31:04Z">
    <groups>
    </groups>
    <test name="Default test" duration-ms="73845" started-at="2017-11-06T04:29:50Z" finished-at="2017-11-06T04:31:04Z">
      <class name="com.Pages.AnyAut_orange.homepage.VerifyLoginWithDifferentData">
        <test-method status="PASS" signature="setUp()[pri:0, instance:com.Pages.AnyAut_orange.homepage.VerifyLoginWithDifferentData@e45f292]" name="setUp" is-config="true" duration-ms="12676" started-at="2017-11-05T23:29:50Z" finished-at="2017-11-05T23:30:03Z">
          <reporter-output>
          </reporter-output>
        </test-method> <!-- setUp -->
        <test-method status="PASS" signature="testValidLogin(java.lang.String, java.lang.String, java.lang.String)[pri:0, instance:com.Pages.AnyAut_orange.homepage.VerifyLoginWithDifferentData@e45f292]" name="testValidLogin" duration-ms="8520" started-at="2017-11-05T23:30:04Z" data-provider="loginTestData" finished-at="2017-11-05T23:30:12Z">
          <params>
            <param index="0">
              <value>
                <![CDATA[funrun@gmail.com]]>
              </value>
            </param>
            <param index="1">
              <value>
                <![CDATA[1.2345678E7]]>
              </value>
            </param>
            <param index="2">
              <value>
                <![CDATA[Y]]>
              </value>
            </param>
          </params>
          <reporter-output>
          </reporter-output>
        </test-method> <!-- testValidLogin -->
        <test-method status="PASS" signature="testValidLogin(java.lang.String, java.lang.String, java.lang.String)[pri:0, instance:com.Pages.AnyAut_orange.homepage.VerifyLoginWithDifferentData@e45f292]" name="testValidLogin" duration-ms="10436" started-at="2017-11-05T23:30:12Z" data-provider="loginTestData" finished-at="2017-11-05T23:30:23Z">
          <params>
            <param index="0">
              <value>
                <![CDATA[funrun@gmail.com]]>
              </value>
            </param>
            <param index="1">
              <value>
                <![CDATA[1.2345678E7]]>
              </value>
            </param>
            <param index="2">
              <value>
                <![CDATA[Y]]>
              </value>
            </param>
          </params>
          <reporter-output>
          </reporter-output>
        </test-method> <!-- testValidLogin -->
        <test-method status="PASS" signature="testValidLogin(java.lang.String, java.lang.String, java.lang.String)[pri:0, instance:com.Pages.AnyAut_orange.homepage.VerifyLoginWithDifferentData@e45f292]" name="testValidLogin" duration-ms="9021" started-at="2017-11-05T23:30:23Z" data-provider="loginTestData" finished-at="2017-11-05T23:30:32Z">
          <params>
            <param index="0">
              <value>
                <![CDATA[funrun@gmail.com]]>
              </value>
            </param>
            <param index="1">
              <value>
                <![CDATA[1.23456789E8]]>
              </value>
            </param>
            <param index="2">
              <value>
                <![CDATA[y]]>
              </value>
            </param>
          </params>
          <reporter-output>
          </reporter-output>
        </test-method> <!-- testValidLogin -->
        <test-method status="PASS" signature="testValidLogin(java.lang.String, java.lang.String, java.lang.String)[pri:0, instance:com.Pages.AnyAut_orange.homepage.VerifyLoginWithDifferentData@e45f292]" name="testValidLogin" duration-ms="8300" started-at="2017-11-05T23:30:32Z" data-provider="loginTestData" finished-at="2017-11-05T23:30:40Z">
          <params>
            <param index="0">
              <value>
                <![CDATA[funrun@gmail.com]]>
              </value>
            </param>
            <param index="1">
              <value>
                <![CDATA[1.23456789E8]]>
              </value>
            </param>
            <param index="2">
              <value>
                <![CDATA[y]]>
              </value>
            </param>
          </params>
          <reporter-output>
          </reporter-output>
        </test-method> <!-- testValidLogin -->
        <test-method status="PASS" signature="testValidLogin(java.lang.String, java.lang.String, java.lang.String)[pri:0, instance:com.Pages.AnyAut_orange.homepage.VerifyLoginWithDifferentData@e45f292]" name="testValidLogin" duration-ms="22737" started-at="2017-11-05T23:30:40Z" data-provider="loginTestData" finished-at="2017-11-05T23:31:03Z">
          <params>
            <param index="0">
              <value>
                <![CDATA[sharmin@gmail.com]]>
              </value>
            </param>
            <param index="1">
              <value>
                <![CDATA[asdfasdf]]>
              </value>
            </param>
            <param index="2">
              <value>
                <![CDATA[Y]]>
              </value>
            </param>
          </params>
          <reporter-output>
          </reporter-output>
        </test-method> <!-- testValidLogin -->
        <test-method status="PASS" signature="endTest()[pri:0, instance:com.Pages.AnyAut_orange.homepage.VerifyLoginWithDifferentData@e45f292]" name="endTest" is-config="true" duration-ms="1250" started-at="2017-11-05T23:31:03Z" finished-at="2017-11-05T23:31:04Z">
          <reporter-output>
          </reporter-output>
        </test-method> <!-- endTest -->
      </class> <!-- com.Pages.AnyAut_orange.homepage.VerifyLoginWithDifferentData -->
    </test> <!-- Default test -->
  </suite> <!-- Default suite -->
</testng-results>
