<?xml version="1.0" encoding="UTF-8"?>
<!-- Generated by org.testng.reporters.JUnitXMLReporter -->
<testsuite hostname="Shawon-PC" ignored="0" name="Registration" tests="1" failures="1" timestamp="22 Nov 2017 17:13:44 GMT" time="22.944" errors="0">
  <testcase name="testCreateAccount" time="9.47" classname="com.Pages.AnyAut_orange.homepage.TC001_VerifyCreateUserAccount">
    <failure type="org.openqa.selenium.InvalidElementStateException" message="Element is not currently interactable and may not be manipulated
Build info: version: &amp;apos;3.5.1&amp;apos;, revision: &amp;apos;9c21bb67ef&amp;apos;, time: &amp;apos;2017-08-17T15:26:08.955Z&amp;apos;
System info: host: &amp;apos;SHAWON-PC&amp;apos;, ip: &amp;apos;192.168.202.1&amp;apos;, os.name: &amp;apos;Windows 7&amp;apos;, os.arch: &amp;apos;amd64&amp;apos;, os.version: &amp;apos;6.1&amp;apos;, java.version: &amp;apos;1.8.0_71&amp;apos;
Driver info: org.openqa.selenium.firefox.FirefoxDriver
Capabilities [{moz:profile=C:\Users\Shawon\AppData\Local\Temp\rust_mozprofile.x6ly5XUBrKPV, rotatable=false, timeouts={implicit=0.0, pageLoad=300000.0, script=30000.0}, pageLoadStrategy=normal, moz:headless=false, platform=ANY, specificationLevel=0.0, moz:accessibilityChecks=false, acceptInsecureCerts=false, browserVersion=56.0, platformVersion=6.1, moz:processID=5512.0, browserName=firefox, javascriptEnabled=true, platformName=windows_nt}]
Session ID: 05c143eb-384b-4a7f-9ffb-26e3e93fa284">
      <![CDATA[org.openqa.selenium.InvalidElementStateException: Element is not currently interactable and may not be manipulated
Build info: version: '3.5.1', revision: '9c21bb67ef', time: '2017-08-17T15:26:08.955Z'
System info: host: 'SHAWON-PC', ip: '192.168.202.1', os.name: 'Windows 7', os.arch: 'amd64', os.version: '6.1', java.version: '1.8.0_71'
Driver info: org.openqa.selenium.firefox.FirefoxDriver
Capabilities [{moz:profile=C:\Users\Shawon\AppData\Local\Temp\rust_mozprofile.x6ly5XUBrKPV, rotatable=false, timeouts={implicit=0.0, pageLoad=300000.0, script=30000.0}, pageLoadStrategy=normal, moz:headless=false, platform=ANY, specificationLevel=0.0, moz:accessibilityChecks=false, acceptInsecureCerts=false, browserVersion=56.0, platformVersion=6.1, moz:processID=5512.0, browserName=firefox, javascriptEnabled=true, platformName=windows_nt}]
Session ID: 05c143eb-384b-4a7f-9ffb-26e3e93fa284
	at org.openqa.selenium.remote.http.W3CHttpResponseCodec.createException(W3CHttpResponseCodec.java:185)
	at org.openqa.selenium.remote.http.W3CHttpResponseCodec.decode(W3CHttpResponseCodec.java:120)
	at org.openqa.selenium.remote.http.W3CHttpResponseCodec.decode(W3CHttpResponseCodec.java:49)
	at org.openqa.selenium.remote.HttpCommandExecutor.execute(HttpCommandExecutor.java:164)
	at org.openqa.selenium.remote.service.DriverCommandExecutor.execute(DriverCommandExecutor.java:82)
	at org.openqa.selenium.remote.RemoteWebDriver.execute(RemoteWebDriver.java:641)
	at org.openqa.selenium.remote.RemoteWebElement.execute(RemoteWebElement.java:275)
	at org.openqa.selenium.remote.RemoteWebElement.clear(RemoteWebElement.java:117)
	at org.openqa.selenium.support.pagefactory.internal.LocatingElementHandler.invoke(LocatingElementHandler.java:51)
	at com.sun.proxy.$Proxy9.clear(Unknown Source)
	at com.Pages.AnyAut_orange.uiActions.HomePage.createUserAccount(HomePage.java:104)
	at com.Pages.AnyAut_orange.homepage.TC001_VerifyCreateUserAccount.testCreateAccount(TC001_VerifyCreateUserAccount.java:31)
... Removed 36 stack frames]]>
    </failure>
  </testcase> <!-- testCreateAccount -->
</testsuite> <!-- Registration -->
